<?xml version="1.0" encoding="UTF-8"?>
<!-- Generated by org.testng.reporters.JUnitReportReporter -->
<testsuite hostname="DESKTOP-22M81PC" failures="0" tests="1" name="com.amazon.automation.AmazonAutomation.Add_To_Cart" time="25.724" errors="0" timestamp="2024-06-09T11:53:18 IST" skipped="0">
  <testcase classname="com.amazon.automation.AmazonAutomation.Add_To_Cart" name="add_to_cart" time="25.724"/>
  <system-out/>
</testsuite> <!-- com.amazon.automation.AmazonAutomation.Add_To_Cart -->
