<?xml version="1.0" encoding="UTF-8"?>
<!-- Generated by org.testng.reporters.JUnitReportReporter -->
<testsuite hostname="DESKTOP-22M81PC" failures="0" tests="1" name="com.Login.Login" time="10.195" errors="0" timestamp="2024-06-09T16:33:30 IST" skipped="0">
  <testcase classname="com.Login.Login" name="login" time="10.195"/>
  <system-out/>
</testsuite> <!-- com.Login.Login -->
