<?xml version="1.0" encoding="UTF-8"?>
<!-- Generated by org.testng.reporters.JUnitReportReporter -->
<testsuite hostname="DESKTOP-22M81PC" failures="0" tests="1" name="com.Add_To_Cart.Add_To_Cart" time="23.490" errors="0" timestamp="2024-06-09T16:31:03 IST" skipped="0">
  <testcase classname="com.Add_To_Cart.Add_To_Cart" name="add_to_cart" time="23.490"/>
  <system-out/>
</testsuite> <!-- com.Add_To_Cart.Add_To_Cart -->
